<?xml version="1.0" encoding="UTF-8"?>
<testng-results ignored="0" total="2" passed="2" failed="0" skipped="0">
  <reporter-output>
  </reporter-output>
  <suite started-at="2025-01-24T11:14:04 IST" name="Suite" finished-at="2025-01-24T11:14:19 IST" duration-ms="15172">
    <groups>
      <group name="Master">
        <method signature="TC001_AccountRegistrationComplete.AccountRegistration()[pri:0, instance:testcases.TC001_AccountRegistrationComplete@56928307]" name="AccountRegistration" class="testcases.TC001_AccountRegistrationComplete"/>
        <method signature="TC002_LoginTest.LoginComplete()[pri:0, instance:testcases.TC002_LoginTest@30e868be]" name="LoginComplete" class="testcases.TC002_LoginTest"/>
      </group> <!-- Master -->
      <group name="Sanity">
        <method signature="TC001_AccountRegistrationComplete.AccountRegistration()[pri:0, instance:testcases.TC001_AccountRegistrationComplete@56928307]" name="AccountRegistration" class="testcases.TC001_AccountRegistrationComplete"/>
      </group> <!-- Sanity -->
      <group name="Regression">
        <method signature="TC002_LoginTest.LoginComplete()[pri:0, instance:testcases.TC002_LoginTest@30e868be]" name="LoginComplete" class="testcases.TC002_LoginTest"/>
      </group> <!-- Regression -->
    </groups>
    <test started-at="2025-01-24T11:14:04 IST" name="ChromeTest" finished-at="2025-01-24T11:14:19 IST" duration-ms="15172">
      <class name="testcases.TC002_LoginTest">
        <test-method is-config="true" signature="Setup(java.lang.String,java.lang.String)[pri:0, instance:testcases.TC002_LoginTest@30e868be]" started-at="2025-01-24T11:14:12 IST" name="Setup" finished-at="2025-01-24T11:14:17 IST" duration-ms="4060" status="PASS">
          <params>
            <param index="0">
              <value>
                <![CDATA[Windows]]>
              </value>
            </param>
            <param index="1">
              <value>
                <![CDATA[chrome]]>
              </value>
            </param>
          </params>
          <reporter-output>
          </reporter-output>
        </test-method> <!-- Setup -->
        <test-method signature="LoginComplete()[pri:0, instance:testcases.TC002_LoginTest@30e868be]" started-at="2025-01-24T11:14:17 IST" name="LoginComplete" finished-at="2025-01-24T11:14:18 IST" duration-ms="1157" status="PASS">
          <reporter-output>
          </reporter-output>
        </test-method> <!-- LoginComplete -->
        <test-method is-config="true" signature="teardown()[pri:0, instance:testcases.TC002_LoginTest@30e868be]" started-at="2025-01-24T11:14:18 IST" name="teardown" finished-at="2025-01-24T11:14:19 IST" duration-ms="1294" status="PASS">
          <reporter-output>
          </reporter-output>
        </test-method> <!-- teardown -->
      </class> <!-- testcases.TC002_LoginTest -->
      <class name="testcases.TC001_AccountRegistrationComplete">
        <test-method is-config="true" signature="Setup(java.lang.String,java.lang.String)[pri:0, instance:testcases.TC001_AccountRegistrationComplete@56928307]" started-at="2025-01-24T11:14:04 IST" name="Setup" finished-at="2025-01-24T11:14:09 IST" duration-ms="5241" status="PASS">
          <params>
            <param index="0">
              <value>
                <![CDATA[Windows]]>
              </value>
            </param>
            <param index="1">
              <value>
                <![CDATA[chrome]]>
              </value>
            </param>
          </params>
          <reporter-output>
          </reporter-output>
        </test-method> <!-- Setup -->
        <test-method signature="AccountRegistration()[pri:0, instance:testcases.TC001_AccountRegistrationComplete@56928307]" started-at="2025-01-24T11:14:09 IST" name="AccountRegistration" finished-at="2025-01-24T11:14:11 IST" duration-ms="1841" status="PASS">
          <reporter-output>
          </reporter-output>
        </test-method> <!-- AccountRegistration -->
        <test-method is-config="true" signature="teardown()[pri:0, instance:testcases.TC001_AccountRegistrationComplete@56928307]" started-at="2025-01-24T11:14:11 IST" name="teardown" finished-at="2025-01-24T11:14:12 IST" duration-ms="1315" status="PASS">
          <reporter-output>
          </reporter-output>
        </test-method> <!-- teardown -->
      </class> <!-- testcases.TC001_AccountRegistrationComplete -->
    </test> <!-- ChromeTest -->
  </suite> <!-- Suite -->
</testng-results>
